<?xml version="1.0" encoding="UTF-8"?>
<!-- Generated by org.testng.reporters.JUnitReportReporter -->
<testsuite hostname="LIN65001029" failures="0" tests="1" name="home.ITestContextTest" time="4.078" errors="0" timestamp="2022-01-28T13:49:41 IST" skipped="0">
  <testcase classname="home.ITestContextTest" name="createBooking" time="4.078"/>
  <system-out/>
</testsuite> <!-- home.ITestContextTest -->
