<?xml version="1.0" encoding="UTF-8"?>
<!-- Generated by org.testng.reporters.JUnitReportReporter -->
<testsuite hostname="LIN65001029" failures="0" tests="1" name="home.ITestContextTest_CreateBooking" time="4.923" errors="0" timestamp="2022-01-28T16:37:08 IST" skipped="0">
  <testcase classname="home.ITestContextTest_CreateBooking" name="createBooking" time="4.923"/>
  <system-out/>
</testsuite> <!-- home.ITestContextTest_CreateBooking -->
