<?xml version="1.0" encoding="UTF-8"?>
<!-- Generated by org.testng.reporters.JUnitReportReporter -->
<testsuite hostname="LIN65001029" failures="0" tests="1" name="home.ConvertJsonObjecttoMap" time="4.669" errors="0" timestamp="2022-01-24T12:51:56 IST" skipped="0">
  <testcase classname="home.ConvertJsonObjecttoMap" name="convertNestedJsonObjectToMapwithGenerics" time="4.669"/>
  <system-out/>
</testsuite> <!-- home.ConvertJsonObjecttoMap -->
