<?xml version="1.0" encoding="UTF-8"?>
<!-- Generated by org.testng.reporters.JUnitReportReporter -->
<testsuite hostname="LIN65001029" failures="0" tests="1" name="home.JsonPayloadWithJavaMap" time="2.247" errors="0" timestamp="2022-01-25T08:40:04 IST" skipped="0">
  <testcase classname="home.JsonPayloadWithJavaMap" name="createComplexPayloadUsingListandMap" time="2.247"/>
  <system-out/>
</testsuite> <!-- home.JsonPayloadWithJavaMap -->
