<?xml version="1.0" encoding="UTF-8"?>
<!-- Generated by org.testng.reporters.JUnitReportReporter -->
<testsuite hostname="LIN65001029" failures="0" tests="1" name="home.ConvertJsonReponseToList" time="2.947" errors="0" timestamp="2022-01-25T09:41:11 IST" skipped="0">
  <testcase classname="home.ConvertJsonReponseToList" name="convertJsonResponseToList" time="2.947"/>
  <system-out/>
</testsuite> <!-- home.ConvertJsonReponseToList -->
