<?xml version="1.0" encoding="UTF-8"?>
<!-- Generated by org.testng.reporters.JUnitReportReporter -->
<testsuite hostname="LIN65001029" failures="0" tests="1" name="HeadersExample" time="3.091" errors="0" timestamp="2022-01-11T07:25:10 IST" skipped="0">
  <testcase classname="HeadersExample" name="overriderHeadersValue" time="3.091"/>
  <system-out/>
</testsuite> <!-- HeadersExample -->
