<?xml version="1.0" encoding="UTF-8"?>
<!-- Generated by org.testng.reporters.JUnitReportReporter -->
<testsuite hostname="LIN65001029" failures="0" tests="1" name="home.MockResponse" time="2.305" errors="0" timestamp="2022-01-21T12:45:45 IST" skipped="0">
  <testcase classname="home.MockResponse" name="mockResponse" time="2.305"/>
  <system-out/>
</testsuite> <!-- home.MockResponse -->
