<?xml version="1.0" encoding="UTF-8"?>
<!-- Generated by org.testng.reporters.JUnitReportReporter -->
<testsuite hostname="LIN65001029" failures="0" tests="1" name="FiltersOnJsonResponse" time="3.837" errors="0" timestamp="2022-01-11T09:12:13 IST" skipped="0">
  <testcase classname="FiltersOnJsonResponse" name="applyingFiltersOnResponseJson" time="3.837"/>
  <system-out/>
</testsuite> <!-- FiltersOnJsonResponse -->
